# JRE version: Java(TM) SE Runtime Environment (8.0_65-b17) (build 1.8.0_65-b17)
# Java VM: Java HotSpot(TM) 64-Bit Server VM (25.65-b01 mixed mode bsd-amd64 compressed oops)
Heap:
 PSYoungGen      total 310784K, used 248884K [0x00000007aab00000, 0x00000007bec00000, 0x00000007c0000000)
  eden space 292352K, 85% used [0x00000007aab00000,0x00000007b9ded1e8,0x00000007bc880000)
  from space 18432K, 0% used [0x00000007bc880000,0x00000007bc8a0000,0x00000007bda80000)
  to   space 17408K, 0% used [0x00000007bdb00000,0x00000007bdb00000,0x00000007bec00000)
 ParOldGen       total 119808K, used 73136K [0x0000000780000000, 0x0000000787500000, 0x00000007aab00000)
  object space 119808K, 61% used [0x0000000780000000,0x000000078476c178,0x0000000787500000)
 Metaspace       used 19458K, capacity 19655K, committed 19968K, reserved 1067008K
  class space    used 1885K, capacity 1982K, committed 2048K, reserved 1048576K
GC Heap History (10 events):
Event: 89.469 GC heap before
{Heap before GC invocations=49 (full 2):
 PSYoungGen      total 310784K, used 289376K [0x00000007aab00000, 0x00000007bf280000, 0x00000007c0000000)
  eden space 289280K, 100% used [0x00000007aab00000,0x00000007bc580000,0x00000007bc580000)
  from space 21504K, 0% used [0x00000007bdd80000,0x00000007bdd98000,0x00000007bf280000)
  to   space 23040K, 0% used [0x00000007bc580000,0x00000007bc580000,0x00000007bdc00000)
 ParOldGen       total 119808K, used 73080K [0x0000000780000000, 0x0000000787500000, 0x00000007aab00000)
  object space 119808K, 60% used [0x0000000780000000,0x000000078475e178,0x0000000787500000)
 Metaspace       used 19418K, capacity 19655K, committed 19968K, reserved 1067008K
  class space    used 1878K, capacity 1982K, committed 2048K, reserved 1048576K
Event: 89.470 GC heap after
Heap after GC invocations=49 (full 2):
 PSYoungGen      total 312320K, used 64K [0x00000007aab00000, 0x00000007bf200000, 0x00000007c0000000)
  eden space 289280K, 0% used [0x00000007aab00000,0x00000007aab00000,0x00000007bc580000)
  from space 23040K, 0% used [0x00000007bc580000,0x00000007bc590000,0x00000007bdc00000)
  to   space 22016K, 0% used [0x00000007bdc80000,0x00000007bdc80000,0x00000007bf200000)
 ParOldGen       total 119808K, used 73080K [0x0000000780000000, 0x0000000787500000, 0x00000007aab00000)
  object space 119808K, 60% used [0x0000000780000000,0x000000078475e178,0x0000000787500000)
 Metaspace       used 19418K, capacity 19655K, committed 19968K, reserved 1067008K
  class space    used 1878K, capacity 1982K, committed 2048K, reserved 1048576K
}
Event: 92.276 GC heap before
{Heap before GC invocations=50 (full 2):
 PSYoungGen      total 312320K, used 289344K [0x00000007aab00000, 0x00000007bf200000, 0x00000007c0000000)
  eden space 289280K, 100% used [0x00000007aab00000,0x00000007bc580000,0x00000007bc580000)
  from space 23040K, 0% used [0x00000007bc580000,0x00000007bc590000,0x00000007bdc00000)
  to   space 22016K, 0% used [0x00000007bdc80000,0x00000007bdc80000,0x00000007bf200000)
 ParOldGen       total 119808K, used 73080K [0x0000000780000000, 0x0000000787500000, 0x00000007aab00000)
  object space 119808K, 60% used [0x0000000780000000,0x000000078475e178,0x0000000787500000)
 Metaspace       used 19419K, capacity 19655K, committed 19968K, reserved 1067008K
  class space    used 1878K, capacity 1982K, committed 2048K, reserved 1048576K
Event: 92.278 GC heap after
Heap after GC invocations=50 (full 2):
 PSYoungGen      total 309760K, used 64K [0x00000007aab00000, 0x00000007bef00000, 0x00000007c0000000)
  eden space 290816K, 0% used [0x00000007aab00000,0x00000007aab00000,0x00000007bc700000)
  from space 18944K, 0% used [0x00000007bdc80000,0x00000007bdc90000,0x00000007bef00000)
  to   space 20480K, 0% used [0x00000007bc700000,0x00000007bc700000,0x00000007bdb00000)
 ParOldGen       total 119808K, used 73080K [0x0000000780000000, 0x0000000787500000, 0x00000007aab00000)
  object space 119808K, 60% used [0x0000000780000000,0x000000078475e178,0x0000000787500000)
 Metaspace       used 19419K, capacity 19655K, committed 19968K, reserved 1067008K
  class space    used 1878K, capacity 1982K, committed 2048K, reserved 1048576K
}
Event: 95.062 GC heap before
{Heap before GC invocations=51 (full 2):
 PSYoungGen      total 309760K, used 290880K [0x00000007aab00000, 0x00000007bef00000, 0x00000007c0000000)
  eden space 290816K, 100% used [0x00000007aab00000,0x00000007bc700000,0x00000007bc700000)
  from space 18944K, 0% used [0x00000007bdc80000,0x00000007bdc90000,0x00000007bef00000)
  to   space 20480K, 0% used [0x00000007bc700000,0x00000007bc700000,0x00000007bdb00000)
 ParOldGen       total 119808K, used 73080K [0x0000000780000000, 0x0000000787500000, 0x00000007aab00000)
  object space 119808K, 60% used [0x0000000780000000,0x000000078475e178,0x0000000787500000)
 Metaspace       used 19419K, capacity 19655K, committed 19968K, reserved 1067008K
  class space    used 1878K, capacity 1982K, committed 2048K, reserved 1048576K
Event: 95.063 GC heap after
Heap after GC invocations=51 (full 2):
 PSYoungGen      total 311296K, used 96K [0x00000007aab00000, 0x00000007bee80000, 0x00000007c0000000)
  eden space 290816K, 0% used [0x00000007aab00000,0x00000007aab00000,0x00000007bc700000)
  from space 20480K, 0% used [0x00000007bc700000,0x00000007bc718000,0x00000007bdb00000)
  to   space 19456K, 0% used [0x00000007bdb80000,0x00000007bdb80000,0x00000007bee80000)
 ParOldGen       total 119808K, used 73088K [0x0000000780000000, 0x0000000787500000, 0x00000007aab00000)
  object space 119808K, 61% used [0x0000000780000000,0x0000000784760178,0x0000000787500000)
 Metaspace       used 19419K, capacity 19655K, committed 19968K, reserved 1067008K
  class space    used 1878K, capacity 1982K, committed 2048K, reserved 1048576K
}
Event: 97.941 GC heap before
{Heap before GC invocations=52 (full 2):
 PSYoungGen      total 311296K, used 290912K [0x00000007aab00000, 0x00000007bee80000, 0x00000007c0000000)
  eden space 290816K, 100% used [0x00000007aab00000,0x00000007bc700000,0x00000007bc700000)
  from space 20480K, 0% used [0x00000007bc700000,0x00000007bc718000,0x00000007bdb00000)
  to   space 19456K, 0% used [0x00000007bdb80000,0x00000007bdb80000,0x00000007bee80000)
 ParOldGen       total 119808K, used 73088K [0x0000000780000000, 0x0000000787500000, 0x00000007aab00000)
  object space 119808K, 61% used [0x0000000780000000,0x0000000784760178,0x0000000787500000)
 Metaspace       used 19419K, capacity 19655K, committed 19968K, reserved 1067008K
  class space    used 1878K, capacity 1982K, committed 2048K, reserved 1048576K
Event: 97.942 GC heap after
Heap after GC invocations=52 (full 2):
 PSYoungGen      total 309760K, used 64K [0x00000007aab00000, 0x00000007bec80000, 0x00000007c0000000)
  eden space 292352K, 0% used [0x00000007aab00000,0x00000007aab00000,0x00000007bc880000)
  from space 17408K, 0% used [0x00000007bdb80000,0x00000007bdb90000,0x00000007bec80000)
  to   space 18432K, 0% used [0x00000007bc880000,0x00000007bc880000,0x00000007bda80000)
 ParOldGen       total 119808K, used 73104K [0x0000000780000000, 0x0000000787500000, 0x00000007aab00000)
  object space 119808K, 61% used [0x0000000780000000,0x0000000784764178,0x0000000787500000)
 Metaspace       used 19419K, capacity 19655K, committed 19968K, reserved 1067008K
  class space    used 1878K, capacity 1982K, committed 2048K, reserved 1048576K
}
Event: 101.415 GC heap before
{Heap before GC invocations=53 (full 2):
 PSYoungGen      total 309760K, used 292416K [0x00000007aab00000, 0x00000007bec80000, 0x00000007c0000000)
  eden space 292352K, 100% used [0x00000007aab00000,0x00000007bc880000,0x00000007bc880000)
  from space 17408K, 0% used [0x00000007bdb80000,0x00000007bdb90000,0x00000007bec80000)
  to   space 18432K, 0% used [0x00000007bc880000,0x00000007bc880000,0x00000007bda80000)
 ParOldGen       total 119808K, used 73104K [0x0000000780000000, 0x0000000787500000, 0x00000007aab00000)
  object space 119808K, 61% used [0x0000000780000000,0x0000000784764178,0x0000000787500000)
 Metaspace       used 19419K, capacity 19655K, committed 19968K, reserved 1067008K
  class space    used 1878K, capacity 1982K, committed 2048K, reserved 1048576K
Event: 101.416 GC heap after
Heap after GC invocations=53 (full 2):
 PSYoungGen      total 310784K, used 128K [0x00000007aab00000, 0x00000007bec00000, 0x00000007c0000000)
  eden space 292352K, 0% used [0x00000007aab00000,0x00000007aab00000,0x00000007bc880000)
  from space 18432K, 0% used [0x00000007bc880000,0x00000007bc8a0000,0x00000007bda80000)
  to   space 17408K, 0% used [0x00000007bdb00000,0x00000007bdb00000,0x00000007bec00000)
 ParOldGen       total 119808K, used 73136K [0x0000000780000000, 0x0000000787500000, 0x00000007aab00000)
  object space 119808K, 61% used [0x0000000780000000,0x000000078476c178,0x0000000787500000)
 Metaspace       used 19419K, capacity 19655K, committed 19968K, reserved 1067008K
  class space    used 1878K, capacity 1982K, committed 2048K, reserved 1048576K
}

