# JRE version: Java(TM) SE Runtime Environment (8.0_65-b17) (build 1.8.0_65-b17)
# Java VM: Java HotSpot(TM) 64-Bit Server VM (25.65-b01 mixed mode bsd-amd64 compressed oops)
Heap:
 PSYoungGen      total 21504K, used 5309K [0x00000007aab00000, 0x00000007ac100000, 0x00000007c0000000)
  eden space 20992K, 24% used [0x00000007aab00000,0x00000007ab007798,0x00000007abf80000)
  from space 512K, 31% used [0x00000007ac000000,0x00000007ac028000,0x00000007ac080000)
  to   space 512K, 0% used [0x00000007ac080000,0x00000007ac080000,0x00000007ac100000)
 ParOldGen       total 48128K, used 17427K [0x0000000780000000, 0x0000000782f00000, 0x00000007aab00000)
  object space 48128K, 36% used [0x0000000780000000,0x0000000781104de8,0x0000000782f00000)
 Metaspace       used 21462K, capacity 21693K, committed 21808K, reserved 1069056K
  class space    used 2078K, capacity 2145K, committed 2176K, reserved 1048576K
GC Heap History (10 events):
Event: 847.721 GC heap before
{Heap before GC invocations=328 (full 1):
 PSYoungGen      total 21504K, used 21088K [0x00000007aab00000, 0x00000007ac100000, 0x00000007c0000000)
  eden space 20992K, 100% used [0x00000007aab00000,0x00000007abf80000,0x00000007abf80000)
  from space 512K, 18% used [0x00000007ac080000,0x00000007ac098000,0x00000007ac100000)
  to   space 512K, 0% used [0x00000007ac000000,0x00000007ac000000,0x00000007ac080000)
 ParOldGen       total 48128K, used 17427K [0x0000000780000000, 0x0000000782f00000, 0x00000007aab00000)
  object space 48128K, 36% used [0x0000000780000000,0x0000000781104de8,0x0000000782f00000)
 Metaspace       used 21422K, capacity 21623K, committed 21808K, reserved 1069056K
  class space    used 2070K, capacity 2144K, committed 2176K, reserved 1048576K
Event: 847.723 GC heap after
Heap after GC invocations=328 (full 1):
 PSYoungGen      total 21504K, used 128K [0x00000007aab00000, 0x00000007ac100000, 0x00000007c0000000)
  eden space 20992K, 0% used [0x00000007aab00000,0x00000007aab00000,0x00000007abf80000)
  from space 512K, 25% used [0x00000007ac000000,0x00000007ac020000,0x00000007ac080000)
  to   space 512K, 0% used [0x00000007ac080000,0x00000007ac080000,0x00000007ac100000)
 ParOldGen       total 48128K, used 17427K [0x0000000780000000, 0x0000000782f00000, 0x00000007aab00000)
  object space 48128K, 36% used [0x0000000780000000,0x0000000781104de8,0x0000000782f00000)
 Metaspace       used 21422K, capacity 21623K, committed 21808K, reserved 1069056K
  class space    used 2070K, capacity 2144K, committed 2176K, reserved 1048576K
}
Event: 850.111 GC heap before
{Heap before GC invocations=329 (full 1):
 PSYoungGen      total 21504K, used 21120K [0x00000007aab00000, 0x00000007ac100000, 0x00000007c0000000)
  eden space 20992K, 100% used [0x00000007aab00000,0x00000007abf80000,0x00000007abf80000)
  from space 512K, 25% used [0x00000007ac000000,0x00000007ac020000,0x00000007ac080000)
  to   space 512K, 0% used [0x00000007ac080000,0x00000007ac080000,0x00000007ac100000)
 ParOldGen       total 48128K, used 17427K [0x0000000780000000, 0x0000000782f00000, 0x00000007aab00000)
  object space 48128K, 36% used [0x0000000780000000,0x0000000781104de8,0x0000000782f00000)
 Metaspace       used 21425K, capacity 21629K, committed 21808K, reserved 1069056K
  class space    used 2071K, capacity 2145K, committed 2176K, reserved 1048576K
Event: 850.113 GC heap after
Heap after GC invocations=329 (full 1):
 PSYoungGen      total 21504K, used 160K [0x00000007aab00000, 0x00000007ac100000, 0x00000007c0000000)
  eden space 20992K, 0% used [0x00000007aab00000,0x00000007aab00000,0x00000007abf80000)
  from space 512K, 31% used [0x00000007ac080000,0x00000007ac0a8000,0x00000007ac100000)
  to   space 512K, 0% used [0x00000007ac000000,0x00000007ac000000,0x00000007ac080000)
 ParOldGen       total 48128K, used 17427K [0x0000000780000000, 0x0000000782f00000, 0x00000007aab00000)
  object space 48128K, 36% used [0x0000000780000000,0x0000000781104de8,0x0000000782f00000)
 Metaspace       used 21425K, capacity 21629K, committed 21808K, reserved 1069056K
  class space    used 2071K, capacity 2145K, committed 2176K, reserved 1048576K
}
Event: 852.230 GC heap before
{Heap before GC invocations=330 (full 1):
 PSYoungGen      total 21504K, used 21152K [0x00000007aab00000, 0x00000007ac100000, 0x00000007c0000000)
  eden space 20992K, 100% used [0x00000007aab00000,0x00000007abf80000,0x00000007abf80000)
  from space 512K, 31% used [0x00000007ac080000,0x00000007ac0a8000,0x00000007ac100000)
  to   space 512K, 0% used [0x00000007ac000000,0x00000007ac000000,0x00000007ac080000)
 ParOldGen       total 48128K, used 17427K [0x0000000780000000, 0x0000000782f00000, 0x00000007aab00000)
  object space 48128K, 36% used [0x0000000780000000,0x0000000781104de8,0x0000000782f00000)
 Metaspace       used 21427K, capacity 21629K, committed 21808K, reserved 1069056K
  class space    used 2071K, capacity 2145K, committed 2176K, reserved 1048576K
Event: 852.233 GC heap after
Heap after GC invocations=330 (full 1):
 PSYoungGen      total 21504K, used 160K [0x00000007aab00000, 0x00000007ac100000, 0x00000007c0000000)
  eden space 20992K, 0% used [0x00000007aab00000,0x00000007aab00000,0x00000007abf80000)
  from space 512K, 31% used [0x00000007ac000000,0x00000007ac028000,0x00000007ac080000)
  to   space 512K, 0% used [0x00000007ac080000,0x00000007ac080000,0x00000007ac100000)
 ParOldGen       total 48128K, used 17427K [0x0000000780000000, 0x0000000782f00000, 0x00000007aab00000)
  object space 48128K, 36% used [0x0000000780000000,0x0000000781104de8,0x0000000782f00000)
 Metaspace       used 21427K, capacity 21629K, committed 21808K, reserved 1069056K
  class space    used 2071K, capacity 2145K, committed 2176K, reserved 1048576K
}
Event: 854.620 GC heap before
{Heap before GC invocations=331 (full 1):
 PSYoungGen      total 21504K, used 21152K [0x00000007aab00000, 0x00000007ac100000, 0x00000007c0000000)
  eden space 20992K, 100% used [0x00000007aab00000,0x00000007abf80000,0x00000007abf80000)
  from space 512K, 31% used [0x00000007ac000000,0x00000007ac028000,0x00000007ac080000)
  to   space 512K, 0% used [0x00000007ac080000,0x00000007ac080000,0x00000007ac100000)
 ParOldGen       total 48128K, used 17427K [0x0000000780000000, 0x0000000782f00000, 0x00000007aab00000)
  object space 48128K, 36% used [0x0000000780000000,0x0000000781104de8,0x0000000782f00000)
 Metaspace       used 21427K, capacity 21629K, committed 21808K, reserved 1069056K
  class space    used 2071K, capacity 2145K, committed 2176K, reserved 1048576K
Event: 854.622 GC heap after
Heap after GC invocations=331 (full 1):
 PSYoungGen      total 21504K, used 128K [0x00000007aab00000, 0x00000007ac100000, 0x00000007c0000000)
  eden space 20992K, 0% used [0x00000007aab00000,0x00000007aab00000,0x00000007abf80000)
  from space 512K, 25% used [0x00000007ac080000,0x00000007ac0a0000,0x00000007ac100000)
  to   space 512K, 0% used [0x00000007ac000000,0x00000007ac000000,0x00000007ac080000)
 ParOldGen       total 48128K, used 17427K [0x0000000780000000, 0x0000000782f00000, 0x00000007aab00000)
  object space 48128K, 36% used [0x0000000780000000,0x0000000781104de8,0x0000000782f00000)
 Metaspace       used 21427K, capacity 21629K, committed 21808K, reserved 1069056K
  class space    used 2071K, capacity 2145K, committed 2176K, reserved 1048576K
}
Event: 857.010 GC heap before
{Heap before GC invocations=332 (full 1):
 PSYoungGen      total 21504K, used 21120K [0x00000007aab00000, 0x00000007ac100000, 0x00000007c0000000)
  eden space 20992K, 100% used [0x00000007aab00000,0x00000007abf80000,0x00000007abf80000)
  from space 512K, 25% used [0x00000007ac080000,0x00000007ac0a0000,0x00000007ac100000)
  to   space 512K, 0% used [0x00000007ac000000,0x00000007ac000000,0x00000007ac080000)
 ParOldGen       total 48128K, used 17427K [0x0000000780000000, 0x0000000782f00000, 0x00000007aab00000)
  object space 48128K, 36% used [0x0000000780000000,0x0000000781104de8,0x0000000782f00000)
 Metaspace       used 21427K, capacity 21629K, committed 21808K, reserved 1069056K
  class space    used 2071K, capacity 2145K, committed 2176K, reserved 1048576K
Event: 857.012 GC heap after
Heap after GC invocations=332 (full 1):
 PSYoungGen      total 21504K, used 160K [0x00000007aab00000, 0x00000007ac100000, 0x00000007c0000000)
  eden space 20992K, 0% used [0x00000007aab00000,0x00000007aab00000,0x00000007abf80000)
  from space 512K, 31% used [0x00000007ac000000,0x00000007ac028000,0x00000007ac080000)
  to   space 512K, 0% used [0x00000007ac080000,0x00000007ac080000,0x00000007ac100000)
 ParOldGen       total 48128K, used 17427K [0x0000000780000000, 0x0000000782f00000, 0x00000007aab00000)
  object space 48128K, 36% used [0x0000000780000000,0x0000000781104de8,0x0000000782f00000)
 Metaspace       used 21427K, capacity 21629K, committed 21808K, reserved 1069056K
  class space    used 2071K, capacity 2145K, committed 2176K, reserved 1048576K
}

