# JRE version: Java(TM) SE Runtime Environment (8.0_65-b17) (build 1.8.0_65-b17)
# Java VM: Java HotSpot(TM) 64-Bit Server VM (25.65-b01 mixed mode bsd-amd64 compressed oops)
Heap:
 PSYoungGen      total 22016K, used 12995K [0x00000007aab00000, 0x00000007ac200000, 0x00000007c0000000)
  eden space 20480K, 62% used [0x00000007aab00000,0x00000007ab798d38,0x00000007abf00000)
  from space 1536K, 6% used [0x00000007ac080000,0x00000007ac098000,0x00000007ac200000)
  to   space 1536K, 0% used [0x00000007abf00000,0x00000007abf00000,0x00000007ac080000)
 ParOldGen       total 112128K, used 81125K [0x0000000780000000, 0x0000000786d80000, 0x00000007aab00000)
  object space 112128K, 72% used [0x0000000780000000,0x0000000784f39638,0x0000000786d80000)
 Metaspace       used 21901K, capacity 22079K, committed 22320K, reserved 1069056K
  class space    used 2083K, capacity 2144K, committed 2176K, reserved 1048576K
GC Heap History (10 events):
Event: 808.688 GC heap before
{Heap before GC invocations=269 (full 3):
 PSYoungGen      total 22528K, used 20608K [0x00000007aab00000, 0x00000007ac300000, 0x00000007c0000000)
  eden space 20480K, 100% used [0x00000007aab00000,0x00000007abf00000,0x00000007abf00000)
  from space 2048K, 6% used [0x00000007abf00000,0x00000007abf20000,0x00000007ac100000)
  to   space 2048K, 0% used [0x00000007ac100000,0x00000007ac100000,0x00000007ac300000)
 ParOldGen       total 112128K, used 81101K [0x0000000780000000, 0x0000000786d80000, 0x00000007aab00000)
  object space 112128K, 72% used [0x0000000780000000,0x0000000784f33638,0x0000000786d80000)
 Metaspace       used 21866K, capacity 22079K, committed 22320K, reserved 1069056K
  class space    used 2075K, capacity 2144K, committed 2176K, reserved 1048576K
Event: 808.690 GC heap after
Heap after GC invocations=269 (full 3):
 PSYoungGen      total 22528K, used 128K [0x00000007aab00000, 0x00000007ac300000, 0x00000007c0000000)
  eden space 20480K, 0% used [0x00000007aab00000,0x00000007aab00000,0x00000007abf00000)
  from space 2048K, 6% used [0x00000007ac100000,0x00000007ac120000,0x00000007ac300000)
  to   space 2048K, 0% used [0x00000007abf00000,0x00000007abf00000,0x00000007ac100000)
 ParOldGen       total 112128K, used 81101K [0x0000000780000000, 0x0000000786d80000, 0x00000007aab00000)
  object space 112128K, 72% used [0x0000000780000000,0x0000000784f33638,0x0000000786d80000)
 Metaspace       used 21866K, capacity 22079K, committed 22320K, reserved 1069056K
  class space    used 2075K, capacity 2144K, committed 2176K, reserved 1048576K
}
Event: 810.407 GC heap before
{Heap before GC invocations=270 (full 3):
 PSYoungGen      total 22528K, used 20608K [0x00000007aab00000, 0x00000007ac300000, 0x00000007c0000000)
  eden space 20480K, 100% used [0x00000007aab00000,0x00000007abf00000,0x00000007abf00000)
  from space 2048K, 6% used [0x00000007ac100000,0x00000007ac120000,0x00000007ac300000)
  to   space 2048K, 0% used [0x00000007abf00000,0x00000007abf00000,0x00000007ac100000)
 ParOldGen       total 112128K, used 81101K [0x0000000780000000, 0x0000000786d80000, 0x00000007aab00000)
  object space 112128K, 72% used [0x0000000780000000,0x0000000784f33638,0x0000000786d80000)
 Metaspace       used 21866K, capacity 22079K, committed 22320K, reserved 1069056K
  class space    used 2075K, capacity 2144K, committed 2176K, reserved 1048576K
Event: 810.409 GC heap after
Heap after GC invocations=270 (full 3):
 PSYoungGen      total 22528K, used 128K [0x00000007aab00000, 0x00000007ac300000, 0x00000007c0000000)
  eden space 20480K, 0% used [0x00000007aab00000,0x00000007aab00000,0x00000007abf00000)
  from space 2048K, 6% used [0x00000007abf00000,0x00000007abf20000,0x00000007ac100000)
  to   space 2048K, 0% used [0x00000007ac100000,0x00000007ac100000,0x00000007ac300000)
 ParOldGen       total 112128K, used 81101K [0x0000000780000000, 0x0000000786d80000, 0x00000007aab00000)
  object space 112128K, 72% used [0x0000000780000000,0x0000000784f33638,0x0000000786d80000)
 Metaspace       used 21866K, capacity 22079K, committed 22320K, reserved 1069056K
  class space    used 2075K, capacity 2144K, committed 2176K, reserved 1048576K
}
Event: 812.094 GC heap before
{Heap before GC invocations=271 (full 3):
 PSYoungGen      total 22528K, used 20608K [0x00000007aab00000, 0x00000007ac300000, 0x00000007c0000000)
  eden space 20480K, 100% used [0x00000007aab00000,0x00000007abf00000,0x00000007abf00000)
  from space 2048K, 6% used [0x00000007abf00000,0x00000007abf20000,0x00000007ac100000)
  to   space 2048K, 0% used [0x00000007ac100000,0x00000007ac100000,0x00000007ac300000)
 ParOldGen       total 112128K, used 81101K [0x0000000780000000, 0x0000000786d80000, 0x00000007aab00000)
  object space 112128K, 72% used [0x0000000780000000,0x0000000784f33638,0x0000000786d80000)
 Metaspace       used 21866K, capacity 22079K, committed 22320K, reserved 1069056K
  class space    used 2075K, capacity 2144K, committed 2176K, reserved 1048576K
Event: 812.096 GC heap after
Heap after GC invocations=271 (full 3):
 PSYoungGen      total 21504K, used 128K [0x00000007aab00000, 0x00000007ac200000, 0x00000007c0000000)
  eden space 20480K, 0% used [0x00000007aab00000,0x00000007aab00000,0x00000007abf00000)
  from space 1024K, 12% used [0x00000007ac100000,0x00000007ac120000,0x00000007ac200000)
  to   space 1536K, 0% used [0x00000007abf00000,0x00000007abf00000,0x00000007ac080000)
 ParOldGen       total 112128K, used 81125K [0x0000000780000000, 0x0000000786d80000, 0x00000007aab00000)
  object space 112128K, 72% used [0x0000000780000000,0x0000000784f39638,0x0000000786d80000)
 Metaspace       used 21866K, capacity 22079K, committed 22320K, reserved 1069056K
  class space    used 2075K, capacity 2144K, committed 2176K, reserved 1048576K
}
Event: 813.800 GC heap before
{Heap before GC invocations=272 (full 3):
 PSYoungGen      total 21504K, used 20608K [0x00000007aab00000, 0x00000007ac200000, 0x00000007c0000000)
  eden space 20480K, 100% used [0x00000007aab00000,0x00000007abf00000,0x00000007abf00000)
  from space 1024K, 12% used [0x00000007ac100000,0x00000007ac120000,0x00000007ac200000)
  to   space 1536K, 0% used [0x00000007abf00000,0x00000007abf00000,0x00000007ac080000)
 ParOldGen       total 112128K, used 81125K [0x0000000780000000, 0x0000000786d80000, 0x00000007aab00000)
  object space 112128K, 72% used [0x0000000780000000,0x0000000784f39638,0x0000000786d80000)
 Metaspace       used 21866K, capacity 22079K, committed 22320K, reserved 1069056K
  class space    used 2075K, capacity 2144K, committed 2176K, reserved 1048576K
Event: 813.802 GC heap after
Heap after GC invocations=272 (full 3):
 PSYoungGen      total 22016K, used 128K [0x00000007aab00000, 0x00000007ac200000, 0x00000007c0000000)
  eden space 20480K, 0% used [0x00000007aab00000,0x00000007aab00000,0x00000007abf00000)
  from space 1536K, 8% used [0x00000007abf00000,0x00000007abf20000,0x00000007ac080000)
  to   space 1536K, 0% used [0x00000007ac080000,0x00000007ac080000,0x00000007ac200000)
 ParOldGen       total 112128K, used 81125K [0x0000000780000000, 0x0000000786d80000, 0x00000007aab00000)
  object space 112128K, 72% used [0x0000000780000000,0x0000000784f39638,0x0000000786d80000)
 Metaspace       used 21866K, capacity 22079K, committed 22320K, reserved 1069056K
  class space    used 2075K, capacity 2144K, committed 2176K, reserved 1048576K
}
Event: 815.654 GC heap before
{Heap before GC invocations=273 (full 3):
 PSYoungGen      total 22016K, used 20608K [0x00000007aab00000, 0x00000007ac200000, 0x00000007c0000000)
  eden space 20480K, 100% used [0x00000007aab00000,0x00000007abf00000,0x00000007abf00000)
  from space 1536K, 8% used [0x00000007abf00000,0x00000007abf20000,0x00000007ac080000)
  to   space 1536K, 0% used [0x00000007ac080000,0x00000007ac080000,0x00000007ac200000)
 ParOldGen       total 112128K, used 81125K [0x0000000780000000, 0x0000000786d80000, 0x00000007aab00000)
  object space 112128K, 72% used [0x0000000780000000,0x0000000784f39638,0x0000000786d80000)
 Metaspace       used 21866K, capacity 22079K, committed 22320K, reserved 1069056K
  class space    used 2075K, capacity 2144K, committed 2176K, reserved 1048576K
Event: 815.656 GC heap after
Heap after GC invocations=273 (full 3):
 PSYoungGen      total 22016K, used 96K [0x00000007aab00000, 0x00000007ac200000, 0x00000007c0000000)
  eden space 20480K, 0% used [0x00000007aab00000,0x00000007aab00000,0x00000007abf00000)
  from space 1536K, 6% used [0x00000007ac080000,0x00000007ac098000,0x00000007ac200000)
  to   space 1536K, 0% used [0x00000007abf00000,0x00000007abf00000,0x00000007ac080000)
 ParOldGen       total 112128K, used 81125K [0x0000000780000000, 0x0000000786d80000, 0x00000007aab00000)
  object space 112128K, 72% used [0x0000000780000000,0x0000000784f39638,0x0000000786d80000)
 Metaspace       used 21866K, capacity 22079K, committed 22320K, reserved 1069056K
  class space    used 2075K, capacity 2144K, committed 2176K, reserved 1048576K
}

