# JRE version: Java(TM) SE Runtime Environment (8.0_65-b17) (build 1.8.0_65-b17)
# Java VM: Java HotSpot(TM) 64-Bit Server VM (25.65-b01 mixed mode bsd-amd64 compressed oops)
Heap:
 PSYoungGen      total 340992K, used 117761K [0x00000007aab00000, 0x00000007bfe80000, 0x00000007c0000000)
  eden space 335360K, 35% used [0x00000007aab00000,0x00000007b1de06e0,0x00000007bf280000)
  from space 5632K, 2% used [0x00000007bf900000,0x00000007bf920000,0x00000007bfe80000)
  to   space 6144K, 0% used [0x00000007bf280000,0x00000007bf280000,0x00000007bf880000)
 ParOldGen       total 123392K, used 92733K [0x0000000780000000, 0x0000000787880000, 0x00000007aab00000)
  object space 123392K, 75% used [0x0000000780000000,0x0000000785a8f750,0x0000000787880000)
 Metaspace       used 19815K, capacity 19979K, committed 20224K, reserved 1067008K
  class space    used 1899K, capacity 1982K, committed 2048K, reserved 1048576K
GC Heap History (10 events):
Event: 190.539 GC heap before
{Heap before GC invocations=78 (full 2):
 PSYoungGen      total 336384K, used 327296K [0x00000007aab00000, 0x00000007bfe80000, 0x00000007c0000000)
  eden space 327168K, 100% used [0x00000007aab00000,0x00000007bea80000,0x00000007bea80000)
  from space 9216K, 1% used [0x00000007bea80000,0x00000007beaa0000,0x00000007bf380000)
  to   space 8704K, 0% used [0x00000007bf600000,0x00000007bf600000,0x00000007bfe80000)
 ParOldGen       total 123392K, used 92733K [0x0000000780000000, 0x0000000787880000, 0x00000007aab00000)
  object space 123392K, 75% used [0x0000000780000000,0x0000000785a8f750,0x0000000787880000)
 Metaspace       used 19736K, capacity 19979K, committed 20224K, reserved 1067008K
  class space    used 1878K, capacity 1982K, committed 2048K, reserved 1048576K
Event: 190.541 GC heap after
Heap after GC invocations=78 (full 2):
 PSYoungGen      total 337920K, used 64K [0x00000007aab00000, 0x00000007bfd80000, 0x00000007c0000000)
  eden space 330240K, 0% used [0x00000007aab00000,0x00000007aab00000,0x00000007bed80000)
  from space 7680K, 0% used [0x00000007bf600000,0x00000007bf610000,0x00000007bfd80000)
  to   space 8192K, 0% used [0x00000007bed80000,0x00000007bed80000,0x00000007bf580000)
 ParOldGen       total 123392K, used 92733K [0x0000000780000000, 0x0000000787880000, 0x00000007aab00000)
  object space 123392K, 75% used [0x0000000780000000,0x0000000785a8f750,0x0000000787880000)
 Metaspace       used 19736K, capacity 19979K, committed 20224K, reserved 1067008K
  class space    used 1878K, capacity 1982K, committed 2048K, reserved 1048576K
}
Event: 193.582 GC heap before
{Heap before GC invocations=79 (full 2):
 PSYoungGen      total 337920K, used 330304K [0x00000007aab00000, 0x00000007bfd80000, 0x00000007c0000000)
  eden space 330240K, 100% used [0x00000007aab00000,0x00000007bed80000,0x00000007bed80000)
  from space 7680K, 0% used [0x00000007bf600000,0x00000007bf610000,0x00000007bfd80000)
  to   space 8192K, 0% used [0x00000007bed80000,0x00000007bed80000,0x00000007bf580000)
 ParOldGen       total 123392K, used 92733K [0x0000000780000000, 0x0000000787880000, 0x00000007aab00000)
  object space 123392K, 75% used [0x0000000780000000,0x0000000785a8f750,0x0000000787880000)
 Metaspace       used 19736K, capacity 19979K, committed 20224K, reserved 1067008K
  class space    used 1878K, capacity 1982K, committed 2048K, reserved 1048576K
Event: 193.584 GC heap after
Heap after GC invocations=79 (full 2):
 PSYoungGen      total 338432K, used 128K [0x00000007aab00000, 0x00000007bff80000, 0x00000007c0000000)
  eden space 330240K, 0% used [0x00000007aab00000,0x00000007aab00000,0x00000007bed80000)
  from space 8192K, 1% used [0x00000007bed80000,0x00000007beda0000,0x00000007bf580000)
  to   space 7680K, 0% used [0x00000007bf800000,0x00000007bf800000,0x00000007bff80000)
 ParOldGen       total 123392K, used 92733K [0x0000000780000000, 0x0000000787880000, 0x00000007aab00000)
  object space 123392K, 75% used [0x0000000780000000,0x0000000785a8f750,0x0000000787880000)
 Metaspace       used 19736K, capacity 19979K, committed 20224K, reserved 1067008K
  class space    used 1878K, capacity 1982K, committed 2048K, reserved 1048576K
}
Event: 196.758 GC heap before
{Heap before GC invocations=80 (full 2):
 PSYoungGen      total 338432K, used 330368K [0x00000007aab00000, 0x00000007bff80000, 0x00000007c0000000)
  eden space 330240K, 100% used [0x00000007aab00000,0x00000007bed80000,0x00000007bed80000)
  from space 8192K, 1% used [0x00000007bed80000,0x00000007beda0000,0x00000007bf580000)
  to   space 7680K, 0% used [0x00000007bf800000,0x00000007bf800000,0x00000007bff80000)
 ParOldGen       total 123392K, used 92733K [0x0000000780000000, 0x0000000787880000, 0x00000007aab00000)
  object space 123392K, 75% used [0x0000000780000000,0x0000000785a8f750,0x0000000787880000)
 Metaspace       used 19736K, capacity 19979K, committed 20224K, reserved 1067008K
  class space    used 1878K, capacity 1982K, committed 2048K, reserved 1048576K
Event: 196.761 GC heap after
Heap after GC invocations=80 (full 2):
 PSYoungGen      total 339968K, used 64K [0x00000007aab00000, 0x00000007bfe80000, 0x00000007c0000000)
  eden space 333312K, 0% used [0x00000007aab00000,0x00000007aab00000,0x00000007bf080000)
  from space 6656K, 0% used [0x00000007bf800000,0x00000007bf810000,0x00000007bfe80000)
  to   space 7168K, 0% used [0x00000007bf080000,0x00000007bf080000,0x00000007bf780000)
 ParOldGen       total 123392K, used 92733K [0x0000000780000000, 0x0000000787880000, 0x00000007aab00000)
  object space 123392K, 75% used [0x0000000780000000,0x0000000785a8f750,0x0000000787880000)
 Metaspace       used 19736K, capacity 19979K, committed 20224K, reserved 1067008K
  class space    used 1878K, capacity 1982K, committed 2048K, reserved 1048576K
}
Event: 199.858 GC heap before
{Heap before GC invocations=81 (full 2):
 PSYoungGen      total 339968K, used 333376K [0x00000007aab00000, 0x00000007bfe80000, 0x00000007c0000000)
  eden space 333312K, 100% used [0x00000007aab00000,0x00000007bf080000,0x00000007bf080000)
  from space 6656K, 0% used [0x00000007bf800000,0x00000007bf810000,0x00000007bfe80000)
  to   space 7168K, 0% used [0x00000007bf080000,0x00000007bf080000,0x00000007bf780000)
 ParOldGen       total 123392K, used 92733K [0x0000000780000000, 0x0000000787880000, 0x00000007aab00000)
  object space 123392K, 75% used [0x0000000780000000,0x0000000785a8f750,0x0000000787880000)
 Metaspace       used 19736K, capacity 19979K, committed 20224K, reserved 1067008K
  class space    used 1878K, capacity 1982K, committed 2048K, reserved 1048576K
Event: 199.859 GC heap after
Heap after GC invocations=81 (full 2):
 PSYoungGen      total 340480K, used 96K [0x00000007aab00000, 0x00000007bff80000, 0x00000007c0000000)
  eden space 333312K, 0% used [0x00000007aab00000,0x00000007aab00000,0x00000007bf080000)
  from space 7168K, 1% used [0x00000007bf080000,0x00000007bf098000,0x00000007bf780000)
  to   space 6656K, 0% used [0x00000007bf900000,0x00000007bf900000,0x00000007bff80000)
 ParOldGen       total 123392K, used 92733K [0x0000000780000000, 0x0000000787880000, 0x00000007aab00000)
  object space 123392K, 75% used [0x0000000780000000,0x0000000785a8f750,0x0000000787880000)
 Metaspace       used 19736K, capacity 19979K, committed 20224K, reserved 1067008K
  class space    used 1878K, capacity 1982K, committed 2048K, reserved 1048576K
}
Event: 202.967 GC heap before
{Heap before GC invocations=82 (full 2):
 PSYoungGen      total 340480K, used 333408K [0x00000007aab00000, 0x00000007bff80000, 0x00000007c0000000)
  eden space 333312K, 100% used [0x00000007aab00000,0x00000007bf080000,0x00000007bf080000)
  from space 7168K, 1% used [0x00000007bf080000,0x00000007bf098000,0x00000007bf780000)
  to   space 6656K, 0% used [0x00000007bf900000,0x00000007bf900000,0x00000007bff80000)
 ParOldGen       total 123392K, used 92733K [0x0000000780000000, 0x0000000787880000, 0x00000007aab00000)
  object space 123392K, 75% used [0x0000000780000000,0x0000000785a8f750,0x0000000787880000)
 Metaspace       used 19780K, capacity 19979K, committed 20224K, reserved 1067008K
  class space    used 1891K, capacity 1982K, committed 2048K, reserved 1048576K
Event: 202.969 GC heap after
Heap after GC invocations=82 (full 2):
 PSYoungGen      total 340992K, used 128K [0x00000007aab00000, 0x00000007bfe80000, 0x00000007c0000000)
  eden space 335360K, 0% used [0x00000007aab00000,0x00000007aab00000,0x00000007bf280000)
  from space 5632K, 2% used [0x00000007bf900000,0x00000007bf920000,0x00000007bfe80000)
  to   space 6144K, 0% used [0x00000007bf280000,0x00000007bf280000,0x00000007bf880000)
 ParOldGen       total 123392K, used 92733K [0x0000000780000000, 0x0000000787880000, 0x00000007aab00000)
  object space 123392K, 75% used [0x0000000780000000,0x0000000785a8f750,0x0000000787880000)
 Metaspace       used 19780K, capacity 19979K, committed 20224K, reserved 1067008K
  class space    used 1891K, capacity 1982K, committed 2048K, reserved 1048576K
}

